<?xml version="1.0" encoding="UTF-8"?>
<!-- Generated by org.testng.reporters.JUnitReportReporter -->
<testsuite skipped="0" hostname="Prafful-PC" name="ytPkg.DataDriven" tests="2" failures="0" timestamp="05 Jun 2019 07:02:11 GMT" time="71.878" errors="0">
  <testcase name="tc" time="26.516" classname="ytPkg.DataDriven"/>
  <testcase name="tc" time="45.362" classname="ytPkg.DataDriven"/>
</testsuite> <!-- ytPkg.DataDriven -->
