<?xml version="1.0" encoding="UTF-8"?>
<!-- Generated by org.testng.reporters.JUnitReportReporter -->
<testsuite skipped="0" hostname="Prafful-PC" name="ytPkg.TC2" tests="1" failures="0" timestamp="04 Jun 2019 18:28:23 GMT" time="26.880" errors="0">
  <testcase name="loginAndClickSubscription" time="26.880" classname="ytPkg.TC2"/>
</testsuite> <!-- ytPkg.TC2 -->
