<?xml version="1.0" encoding="UTF-8"?>
<!-- Generated by org.testng.reporters.JUnitReportReporter -->
<testsuite skipped="0" hostname="Prafful-PC" name="ytPkg.TC3" tests="1" failures="0" timestamp="01 Jun 2019 18:26:51 GMT" time="36.148" errors="0">
  <testcase name="videoPlayAndLike" time="36.148" classname="ytPkg.TC3"/>
</testsuite> <!-- ytPkg.TC3 -->
