<?xml version="1.0" encoding="UTF-8"?>
<!-- Generated by org.testng.reporters.JUnitReportReporter -->
<testsuite skipped="0" hostname="Prafful-PC" name="ytPkg.TC4" tests="1" failures="0" timestamp="01 Jun 2019 17:35:49 GMT" time="34.994" errors="0">
  <testcase name="videoPlayAndSubscribe" time="34.994" classname="ytPkg.TC4"/>
</testsuite> <!-- ytPkg.TC4 -->
